2025-07-26 14:33:32.616519 - User: Anonymous - Path: /api/token/
2025-07-26 14:34:22.070243 - User: Anonymous - Path: /api/messages/
2025-07-26 14:35:15.539749 - User: Anonymous - Path: /api/token/
2025-07-26 15:39:04.885401 - User: abebe.teka@gmail.com - Path: /
2025-07-26 15:39:05.426329 - User: abebe.teka@gmail.com - Path: /favicon.ico
2025-07-26 15:39:09.333911 - User: abebe.teka@gmail.com - Path: /swagger/
2025-07-26 15:39:10.093067 - User: abebe.teka@gmail.com - Path: /swagger/
2025-07-26 15:39:18.387251 - User: abebe.teka@gmail.com - Path: /api/token/
2025-07-26 15:42:41.080983 - User: Anonymous - Path: /
2025-07-26 15:44:37.618463 - User: Anonymous - Path: /
2025-07-26 15:44:45.632423 - User: Anonymous - Path: /
2025-07-26 15:46:05.242666 - User: Anonymous - Path: /
2025-07-26 15:46:09.390410 - User: Anonymous - Path: /swagger/
2025-07-26 15:46:09.776135 - User: Anonymous - Path: /swagger/
2025-07-26 15:46:47.049067 - User: Anonymous - Path: /api/token/
2025-07-26 16:04:41.241951 - User: Anonymous - Path: /
2025-07-26 16:04:41.241951 - User: Anonymous - Path: /
2025-07-26 16:04:41.241951 - User: Anonymous - Path: /
2025-07-26 16:04:41.241951 - User: Anonymous - Path: /
2025-07-26 16:04:45.505410 - User: Anonymous - Path: /swagger/
2025-07-26 16:04:45.505410 - User: Anonymous - Path: /swagger/
2025-07-26 16:04:45.505410 - User: Anonymous - Path: /swagger/
2025-07-26 16:04:45.505410 - User: Anonymous - Path: /swagger/
2025-07-26 16:04:45.728040 - User: Anonymous - Path: /swagger/
2025-07-26 16:04:45.728040 - User: Anonymous - Path: /swagger/
2025-07-26 16:04:45.728040 - User: Anonymous - Path: /swagger/
2025-07-26 16:04:45.728040 - User: Anonymous - Path: /swagger/
